Cannot load Xdebug - it was already loaded
[Tue Sep  9 14:52:59 2025] PHP 8.3.24 Development Server (http://localhost:8001) started
[Tue Sep  9 14:53:09 2025] [::1]:49357 Accepted
[Tue Sep  9 14:53:09 2025] PHP Fatal error:  Uncaught PDOException: SQLSTATE[42S22]: Column not found: 1054 Unknown column 'b.reniec_apikey' in 'field list' in /Users/richardortiz/workspace/internet_online/Libraries/Core/Mysql.php:117
Stack trace:
#0 /Users/richardortiz/workspace/internet_online/Libraries/Core/Mysql.php(117): PDOStatement->execute()
#1 /Users/richardortiz/workspace/internet_online/Models/BusinessModel.php(22): Mysql->select('SELECT  b.id,b....')
#2 /Users/richardortiz/workspace/internet_online/Helpers/Helpers.php(528): BusinessModel->show_business()
#3 /Users/richardortiz/workspace/internet_online/Controllers/Login.php(13): business_session()
#4 /Users/richardortiz/workspace/internet_online/Libraries/Core/Load.php(26): Login->login('')
#5 /Users/richardortiz/workspace/internet_online/index.php(32): require_once('/Users/richardo...')
#6 {main}
  thrown in /Users/richardortiz/workspace/internet_online/Libraries/Core/Mysql.php on line 117
[Tue Sep  9 14:53:09 2025] [::1]:49357 [200]: GET / - Uncaught PDOException: SQLSTATE[42S22]: Column not found: 1054 Unknown column 'b.reniec_apikey' in 'field list' in /Users/richardortiz/workspace/internet_online/Libraries/Core/Mysql.php:117
Stack trace:
#0 /Users/richardortiz/workspace/internet_online/Libraries/Core/Mysql.php(117): PDOStatement->execute()
#1 /Users/richardortiz/workspace/internet_online/Models/BusinessModel.php(22): Mysql->select('SELECT  b.id,b....')
#2 /Users/richardortiz/workspace/internet_online/Helpers/Helpers.php(528): BusinessModel->show_business()
#3 /Users/richardortiz/workspace/internet_online/Controllers/Login.php(13): business_session()
#4 /Users/richardortiz/workspace/internet_online/Libraries/Core/Load.php(26): Login->login('')
#5 /Users/richardortiz/workspace/internet_online/index.php(32): require_once('/Users/richardo...')
#6 {main}
  thrown in /Users/richardortiz/workspace/internet_online/Libraries/Core/Mysql.php on line 117
[Tue Sep  9 14:53:09 2025] [::1]:49357 Closing
