Cannot load Xdebug - it was already loaded
[Tue Sep  9 14:51:33 2025] PHP 8.3.24 Development Server (http://localhost:8000) started
[Tue Sep  9 14:51:45 2025] [::1]:65289 Accepted
[Tue Sep  9 14:51:45 2025] PHP Deprecated:  Creation of dynamic property Login::$views is deprecated in /Users/richardortiz/workspace/internet_online/Libraries/Core/Controllers.php on line 6
[Tue Sep  9 14:51:45 2025] PHP Stack trace:
[Tue Sep  9 14:51:45 2025] PHP   1. {main}() /Users/richardortiz/workspace/internet_online/index.php:0
[Tue Sep  9 14:51:45 2025] PHP   2. require_once() /Users/richardortiz/workspace/internet_online/index.php:32
[Tue Sep  9 14:51:45 2025] PHP   3. Login->__construct() /Users/richardortiz/workspace/internet_online/Libraries/Core/Load.php:24
[Tue Sep  9 14:51:45 2025] PHP   4. Controllers->__construct() /Users/richardortiz/workspace/internet_online/Controllers/Login.php:8
[Tue Sep  9 14:51:45 2025] PHP Deprecated:  Creation of dynamic property Login::$model is deprecated in /Users/richardortiz/workspace/internet_online/Libraries/Core/Controllers.php on line 16
[Tue Sep  9 14:51:45 2025] PHP Stack trace:
[Tue Sep  9 14:51:45 2025] PHP   1. {main}() /Users/richardortiz/workspace/internet_online/index.php:0
[Tue Sep  9 14:51:45 2025] PHP   2. require_once() /Users/richardortiz/workspace/internet_online/index.php:32
[Tue Sep  9 14:51:45 2025] PHP   3. Login->__construct() /Users/richardortiz/workspace/internet_online/Libraries/Core/Load.php:24
[Tue Sep  9 14:51:45 2025] PHP   4. Controllers->__construct() /Users/richardortiz/workspace/internet_online/Controllers/Login.php:8
[Tue Sep  9 14:51:45 2025] PHP   5. Controllers->loadModel() /Users/richardortiz/workspace/internet_online/Libraries/Core/Controllers.php:7
[Tue Sep  9 14:51:45 2025] PHP Fatal error:  Uncaught PDOException: SQLSTATE[42S22]: Column not found: 1054 Unknown column 'b.reniec_apikey' in 'field list' in /Users/richardortiz/workspace/internet_online/Libraries/Core/Mysql.php:117
Stack trace:
#0 /Users/richardortiz/workspace/internet_online/Libraries/Core/Mysql.php(117): PDOStatement->execute()
#1 /Users/richardortiz/workspace/internet_online/Models/BusinessModel.php(22): Mysql->select('SELECT  b.id,b....')
#2 /Users/richardortiz/workspace/internet_online/Helpers/Helpers.php(528): BusinessModel->show_business()
#3 /Users/richardortiz/workspace/internet_online/Controllers/Login.php(13): business_session()
#4 /Users/richardortiz/workspace/internet_online/Libraries/Core/Load.php(26): Login->login('')
#5 /Users/richardortiz/workspace/internet_online/index.php(32): require_once('/Users/richardo...')
#6 {main}
  thrown in /Users/richardortiz/workspace/internet_online/Libraries/Core/Mysql.php on line 117
[Tue Sep  9 14:51:45 2025] [::1]:65289 Closing
